Determining if the pthread_create exist failed with the following output:
Change Dir: /home/inge/Projects/Games/2player_snake/build/CMakeFiles/CMakeTmp

Run Build Command:/usr/bin/make "cmTryCompileExec2780061744/fast"
/usr/bin/make -f CMakeFiles/cmTryCompileExec2780061744.dir/build.make CMakeFiles/cmTryCompileExec2780061744.dir/build
make[1]: Entering directory `/home/inge/Projects/Games/2player_snake/build/CMakeFiles/CMakeTmp'
/usr/bin/cmake -E cmake_progress_report /home/inge/Projects/Games/2player_snake/build/CMakeFiles/CMakeTmp/CMakeFiles 1
Building C object CMakeFiles/cmTryCompileExec2780061744.dir/CheckSymbolExists.c.o
/usr/bin/gcc    -o CMakeFiles/cmTryCompileExec2780061744.dir/CheckSymbolExists.c.o   -c /home/inge/Projects/Games/2player_snake/build/CMakeFiles/CMakeTmp/CheckSymbolExists.c
Linking C executable cmTryCompileExec2780061744
/usr/bin/cmake -E cmake_link_script CMakeFiles/cmTryCompileExec2780061744.dir/link.txt --verbose=1
/usr/bin/gcc         CMakeFiles/cmTryCompileExec2780061744.dir/CheckSymbolExists.c.o  -o cmTryCompileExec2780061744 -rdynamic 
CMakeFiles/cmTryCompileExec2780061744.dir/CheckSymbolExists.c.o: In function `main':
CheckSymbolExists.c:(.text+0xa): undefined reference to `pthread_create'
collect2: error: ld returned 1 exit status
make[1]: *** [cmTryCompileExec2780061744] Error 1
make[1]: Leaving directory `/home/inge/Projects/Games/2player_snake/build/CMakeFiles/CMakeTmp'
make: *** [cmTryCompileExec2780061744/fast] Error 2

File /home/inge/Projects/Games/2player_snake/build/CMakeFiles/CMakeTmp/CheckSymbolExists.c:
/* */
#include <pthread.h>

int main(int argc, char** argv)
{
  (void)argv;
#ifndef pthread_create
  return ((int*)(&pthread_create))[argc];
#else
  (void)argc;
  return 0;
#endif
}

Determining if the function pthread_create exists in the pthreads failed with the following output:
Change Dir: /home/inge/Projects/Games/2player_snake/build/CMakeFiles/CMakeTmp

Run Build Command:/usr/bin/make "cmTryCompileExec524292430/fast"
/usr/bin/make -f CMakeFiles/cmTryCompileExec524292430.dir/build.make CMakeFiles/cmTryCompileExec524292430.dir/build
make[1]: Entering directory `/home/inge/Projects/Games/2player_snake/build/CMakeFiles/CMakeTmp'
/usr/bin/cmake -E cmake_progress_report /home/inge/Projects/Games/2player_snake/build/CMakeFiles/CMakeTmp/CMakeFiles 1
Building C object CMakeFiles/cmTryCompileExec524292430.dir/CheckFunctionExists.c.o
/usr/bin/gcc   -DCHECK_FUNCTION_EXISTS=pthread_create   -o CMakeFiles/cmTryCompileExec524292430.dir/CheckFunctionExists.c.o   -c /usr/share/cmake-2.8/Modules/CheckFunctionExists.c
Linking C executable cmTryCompileExec524292430
/usr/bin/cmake -E cmake_link_script CMakeFiles/cmTryCompileExec524292430.dir/link.txt --verbose=1
/usr/bin/gcc     -DCHECK_FUNCTION_EXISTS=pthread_create    CMakeFiles/cmTryCompileExec524292430.dir/CheckFunctionExists.c.o  -o cmTryCompileExec524292430 -rdynamic -lpthreads 
/usr/bin/ld: cannot find -lpthreads
collect2: error: ld returned 1 exit status
make[1]: Leaving directory `/home/inge/Projects/Games/2player_snake/build/CMakeFiles/CMakeTmp'
make[1]: *** [cmTryCompileExec524292430] Error 1
make: *** [cmTryCompileExec524292430/fast] Error 2


